Started GET "/" for ::1 at 2016-08-10 10:10:27 -0700
Processing by Rails::WelcomeController#index as HTML
  Parameters: {"internal"=>true}
  Rendering /Users/leungty/.rbenv/versions/2.3.0/lib/ruby/gems/2.3.0/gems/railties-5.0.0/lib/rails/templates/rails/welcome/index.html.erb
  Rendered /Users/leungty/.rbenv/versions/2.3.0/lib/ruby/gems/2.3.0/gems/railties-5.0.0/lib/rails/templates/rails/welcome/index.html.erb (11.7ms)
Completed 200 OK in 66ms (Views: 26.2ms | ActiveRecord: 0.0ms)


Started GET "/" for ::1 at 2016-08-10 10:10:27 -0700
Processing by Rails::WelcomeController#index as HTML
  Parameters: {"internal"=>true}
  Rendering /Users/leungty/.rbenv/versions/2.3.0/lib/ruby/gems/2.3.0/gems/railties-5.0.0/lib/rails/templates/rails/welcome/index.html.erb
  Rendered /Users/leungty/.rbenv/versions/2.3.0/lib/ruby/gems/2.3.0/gems/railties-5.0.0/lib/rails/templates/rails/welcome/index.html.erb (4.0ms)
Completed 200 OK in 13ms (Views: 8.3ms | ActiveRecord: 0.0ms)


Started GET "/" for ::1 at 2016-08-10 10:16:42 -0700
Processing by Rails::WelcomeController#index as HTML
  Parameters: {"internal"=>true}
  Rendering /Users/leungty/.rbenv/versions/2.3.0/lib/ruby/gems/2.3.0/gems/railties-5.0.0/lib/rails/templates/rails/welcome/index.html.erb
  Rendered /Users/leungty/.rbenv/versions/2.3.0/lib/ruby/gems/2.3.0/gems/railties-5.0.0/lib/rails/templates/rails/welcome/index.html.erb (5.8ms)
Completed 200 OK in 31ms (Views: 12.4ms | ActiveRecord: 0.0ms)


Started GET "/" for ::1 at 2016-08-10 10:16:45 -0700
Processing by Rails::WelcomeController#index as HTML
  Parameters: {"internal"=>true}
  Rendering /Users/leungty/.rbenv/versions/2.3.0/lib/ruby/gems/2.3.0/gems/railties-5.0.0/lib/rails/templates/rails/welcome/index.html.erb
  Rendered /Users/leungty/.rbenv/versions/2.3.0/lib/ruby/gems/2.3.0/gems/railties-5.0.0/lib/rails/templates/rails/welcome/index.html.erb (3.7ms)
Completed 200 OK in 8ms (Views: 5.8ms | ActiveRecord: 0.0ms)


